[0.112s] DEBUG:colcon:Command line arguments: ['/usr/bin/colcon', 'build', '--symlink-install']
[0.112s] DEBUG:colcon:Parsed command line arguments: Namespace(allow_overriding=[], ament_cmake_args=None, base_paths=['.'], build_base='build', catkin_cmake_args=None, catkin_skip_building_tests=False, cmake_args=None, cmake_clean_cache=False, cmake_clean_first=False, cmake_force_configure=False, cmake_target=None, cmake_target_skip_unavailable=False, continue_on_error=False, event_handlers=None, executor='parallel', ignore_user_meta=False, install_base='install', log_base=None, log_level=None, main=<bound method BuildVerb.main of <colcon_core.verb.build.BuildVerb object at 0x7fba56b6f0a0>>, merge_install=False, metas=['./colcon.meta'], packages_above=None, packages_above_and_dependencies=None, packages_above_depth=None, packages_end=None, packages_ignore=None, packages_ignore_regex=None, packages_select=None, packages_select_build_failed=False, packages_select_by_dep=None, packages_select_regex=None, packages_select_test_failures=False, packages_skip=None, packages_skip_build_finished=False, packages_skip_by_dep=None, packages_skip_regex=None, packages_skip_test_passed=False, packages_skip_up_to=None, packages_start=None, packages_up_to=None, packages_up_to_regex=None, parallel_workers=8, paths=None, symlink_install=True, test_result_base=None, verb_extension=<colcon_core.verb.build.BuildVerb object at 0x7fba56b6f0a0>, verb_name='build', verb_parser=<colcon_defaults.argument_parser.defaults.DefaultArgumentsDecorator object at 0x7fba56b6f5e0>)
[0.115s] Level 1:colcon.colcon_core.package_discovery:discover_packages(colcon_meta) check parameters
[0.115s] Level 1:colcon.colcon_core.package_discovery:discover_packages(recursive) check parameters
[0.115s] Level 1:colcon.colcon_core.package_discovery:discover_packages(ignore) check parameters
[0.115s] Level 1:colcon.colcon_core.package_discovery:discover_packages(path) check parameters
[0.115s] Level 1:colcon.colcon_core.package_discovery:discover_packages(colcon_meta) discover
[0.115s] Level 1:colcon.colcon_core.package_discovery:discover_packages(recursive) discover
[0.115s] INFO:colcon.colcon_core.package_discovery:Crawling recursively for packages in '/home/n21/AIRAK/airak_mobility/ros2_ws'
[0.115s] Level 1:colcon.colcon_core.package_identification:_identify(.) by extensions ['ignore', 'ignore_ament_install']
[0.116s] Level 1:colcon.colcon_core.package_identification:_identify(.) by extension 'ignore'
[0.116s] Level 1:colcon.colcon_core.package_identification:_identify(.) by extension 'ignore_ament_install'
[0.116s] Level 1:colcon.colcon_core.package_identification:_identify(.) by extensions ['colcon_pkg']
[0.116s] Level 1:colcon.colcon_core.package_identification:_identify(.) by extension 'colcon_pkg'
[0.116s] Level 1:colcon.colcon_core.package_identification:_identify(.) by extensions ['colcon_meta']
[0.116s] Level 1:colcon.colcon_core.package_identification:_identify(.) by extension 'colcon_meta'
[0.116s] Level 1:colcon.colcon_core.package_identification:_identify(.) by extensions ['ros']
[0.116s] Level 1:colcon.colcon_core.package_identification:_identify(.) by extension 'ros'
[0.125s] Level 1:colcon.colcon_core.package_identification:_identify(.) by extensions ['cmake', 'python']
[0.125s] Level 1:colcon.colcon_core.package_identification:_identify(.) by extension 'cmake'
[0.125s] Level 1:colcon.colcon_core.package_identification:_identify(.) by extension 'python'
[0.125s] Level 1:colcon.colcon_core.package_identification:_identify(.) by extensions ['python_setup_py']
[0.125s] Level 1:colcon.colcon_core.package_identification:_identify(.) by extension 'python_setup_py'
[0.125s] Level 1:colcon.colcon_core.package_identification:_identify(build) by extensions ['ignore', 'ignore_ament_install']
[0.125s] Level 1:colcon.colcon_core.package_identification:_identify(build) by extension 'ignore'
[0.125s] Level 1:colcon.colcon_core.package_identification:_identify(build) ignored
[0.125s] Level 1:colcon.colcon_core.package_identification:_identify(install) by extensions ['ignore', 'ignore_ament_install']
[0.125s] Level 1:colcon.colcon_core.package_identification:_identify(install) by extension 'ignore'
[0.125s] Level 1:colcon.colcon_core.package_identification:_identify(install) ignored
[0.125s] Level 1:colcon.colcon_core.package_identification:_identify(log) by extensions ['ignore', 'ignore_ament_install']
[0.126s] Level 1:colcon.colcon_core.package_identification:_identify(log) by extension 'ignore'
[0.126s] Level 1:colcon.colcon_core.package_identification:_identify(log) ignored
[0.126s] Level 1:colcon.colcon_core.package_identification:_identify(src) by extensions ['ignore', 'ignore_ament_install']
[0.126s] Level 1:colcon.colcon_core.package_identification:_identify(src) by extension 'ignore'
[0.126s] Level 1:colcon.colcon_core.package_identification:_identify(src) by extension 'ignore_ament_install'
[0.126s] Level 1:colcon.colcon_core.package_identification:_identify(src) by extensions ['colcon_pkg']
[0.126s] Level 1:colcon.colcon_core.package_identification:_identify(src) by extension 'colcon_pkg'
[0.126s] Level 1:colcon.colcon_core.package_identification:_identify(src) by extensions ['colcon_meta']
[0.126s] Level 1:colcon.colcon_core.package_identification:_identify(src) by extension 'colcon_meta'
[0.126s] Level 1:colcon.colcon_core.package_identification:_identify(src) by extensions ['ros']
[0.126s] Level 1:colcon.colcon_core.package_identification:_identify(src) by extension 'ros'
[0.126s] Level 1:colcon.colcon_core.package_identification:_identify(src) by extensions ['cmake', 'python']
[0.126s] Level 1:colcon.colcon_core.package_identification:_identify(src) by extension 'cmake'
[0.126s] Level 1:colcon.colcon_core.package_identification:_identify(src) by extension 'python'
[0.126s] Level 1:colcon.colcon_core.package_identification:_identify(src) by extensions ['python_setup_py']
[0.126s] Level 1:colcon.colcon_core.package_identification:_identify(src) by extension 'python_setup_py'
[0.126s] Level 1:colcon.colcon_core.package_identification:_identify(src/ros1_bridge) by extensions ['ignore', 'ignore_ament_install']
[0.126s] Level 1:colcon.colcon_core.package_identification:_identify(src/ros1_bridge) by extension 'ignore'
[0.126s] Level 1:colcon.colcon_core.package_identification:_identify(src/ros1_bridge) by extension 'ignore_ament_install'
[0.126s] Level 1:colcon.colcon_core.package_identification:_identify(src/ros1_bridge) by extensions ['colcon_pkg']
[0.126s] Level 1:colcon.colcon_core.package_identification:_identify(src/ros1_bridge) by extension 'colcon_pkg'
[0.126s] Level 1:colcon.colcon_core.package_identification:_identify(src/ros1_bridge) by extensions ['colcon_meta']
[0.127s] Level 1:colcon.colcon_core.package_identification:_identify(src/ros1_bridge) by extension 'colcon_meta'
[0.127s] Level 1:colcon.colcon_core.package_identification:_identify(src/ros1_bridge) by extensions ['ros']
[0.127s] Level 1:colcon.colcon_core.package_identification:_identify(src/ros1_bridge) by extension 'ros'
[0.129s] DEBUG:colcon.colcon_core.package_identification:Package 'src/ros1_bridge' with type 'ros.ament_cmake' and name 'ros1_bridge'
[0.129s] Level 1:colcon.colcon_core.package_discovery:discover_packages(recursive) using defaults
[0.129s] Level 1:colcon.colcon_core.package_discovery:discover_packages(ignore) discover
[0.129s] Level 1:colcon.colcon_core.package_discovery:discover_packages(ignore) using defaults
[0.129s] Level 1:colcon.colcon_core.package_discovery:discover_packages(path) discover
[0.129s] Level 1:colcon.colcon_core.package_discovery:discover_packages(path) using defaults
[0.143s] Level 5:colcon.colcon_core.verb:set package 'ros1_bridge' build argument 'cmake_args' from command line to 'None'
[0.143s] Level 5:colcon.colcon_core.verb:set package 'ros1_bridge' build argument 'cmake_target' from command line to 'None'
[0.143s] Level 5:colcon.colcon_core.verb:set package 'ros1_bridge' build argument 'cmake_target_skip_unavailable' from command line to 'False'
[0.143s] Level 5:colcon.colcon_core.verb:set package 'ros1_bridge' build argument 'cmake_clean_cache' from command line to 'False'
[0.143s] Level 5:colcon.colcon_core.verb:set package 'ros1_bridge' build argument 'cmake_clean_first' from command line to 'False'
[0.143s] Level 5:colcon.colcon_core.verb:set package 'ros1_bridge' build argument 'cmake_force_configure' from command line to 'False'
[0.143s] Level 5:colcon.colcon_core.verb:set package 'ros1_bridge' build argument 'ament_cmake_args' from command line to 'None'
[0.143s] Level 5:colcon.colcon_core.verb:set package 'ros1_bridge' build argument 'catkin_cmake_args' from command line to 'None'
[0.143s] Level 5:colcon.colcon_core.verb:set package 'ros1_bridge' build argument 'catkin_skip_building_tests' from command line to 'False'
[0.143s] DEBUG:colcon.colcon_core.verb:Building package 'ros1_bridge' with the following arguments: {'ament_cmake_args': None, 'build_base': '/home/n21/AIRAK/airak_mobility/ros2_ws/build/ros1_bridge', 'catkin_cmake_args': None, 'catkin_skip_building_tests': False, 'cmake_args': None, 'cmake_clean_cache': False, 'cmake_clean_first': False, 'cmake_force_configure': False, 'cmake_target': None, 'cmake_target_skip_unavailable': False, 'install_base': '/home/n21/AIRAK/airak_mobility/ros2_ws/install/ros1_bridge', 'merge_install': False, 'path': '/home/n21/AIRAK/airak_mobility/ros2_ws/src/ros1_bridge', 'symlink_install': True, 'test_result_base': None}
[0.145s] INFO:colcon.colcon_core.executor:Executing jobs using 'parallel' executor
[0.147s] DEBUG:colcon.colcon_parallel_executor.executor.parallel:run_until_complete
[0.147s] INFO:colcon.colcon_ros.task.ament_cmake.build:Building ROS package in '/home/n21/AIRAK/airak_mobility/ros2_ws/src/ros1_bridge' with build type 'ament_cmake'
[0.147s] INFO:colcon.colcon_cmake.task.cmake.build:Building CMake package in '/home/n21/AIRAK/airak_mobility/ros2_ws/src/ros1_bridge'
[0.150s] INFO:colcon.colcon_core.plugin_system:Skipping extension 'colcon_core.shell.bat': Not used on non-Windows systems
[0.150s] INFO:colcon.colcon_core.shell:Skip shell extension 'powershell' for command environment: Not usable outside of PowerShell
[0.150s] DEBUG:colcon.colcon_core.shell:Skip shell extension 'dsv' for command environment
[0.161s] DEBUG:colcon.colcon_core.event_handler.log_command:Invoking command in '/home/n21/AIRAK/airak_mobility/ros2_ws/build/ros1_bridge': CMAKE_PREFIX_PATH=/opt/ros/foxy /usr/bin/cmake --build /home/n21/AIRAK/airak_mobility/ros2_ws/build/ros1_bridge -- -j8 -l8
[430.788s] DEBUG:colcon.colcon_core.event_handler.log_command:Invoked command in '/home/n21/AIRAK/airak_mobility/ros2_ws/build/ros1_bridge' returned '0': CMAKE_PREFIX_PATH=/opt/ros/foxy /usr/bin/cmake --build /home/n21/AIRAK/airak_mobility/ros2_ws/build/ros1_bridge -- -j8 -l8
[431.368s] DEBUG:colcon.colcon_core.event_handler.log_command:Invoking command in '/home/n21/AIRAK/airak_mobility/ros2_ws/build/ros1_bridge': CMAKE_PREFIX_PATH=/opt/ros/foxy /usr/bin/cmake --install /home/n21/AIRAK/airak_mobility/ros2_ws/build/ros1_bridge
[431.779s] Level 1:colcon.colcon_core.environment:create_environment_scripts_only(ros1_bridge)
[431.780s] DEBUG:colcon.colcon_core.event_handler.log_command:Invoked command in '/home/n21/AIRAK/airak_mobility/ros2_ws/build/ros1_bridge' returned '0': CMAKE_PREFIX_PATH=/opt/ros/foxy /usr/bin/cmake --install /home/n21/AIRAK/airak_mobility/ros2_ws/build/ros1_bridge
[431.783s] Level 1:colcon.colcon_core.environment:checking '/home/n21/AIRAK/airak_mobility/ros2_ws/install/ros1_bridge' for CMake module files
[431.783s] Level 1:colcon.colcon_core.environment:checking '/home/n21/AIRAK/airak_mobility/ros2_ws/install/ros1_bridge' for CMake config files
[431.783s] Level 1:colcon.colcon_core.shell:create_environment_hook('ros1_bridge', 'cmake_prefix_path')
[431.784s] INFO:colcon.colcon_core.shell:Creating environment hook '/home/n21/AIRAK/airak_mobility/ros2_ws/install/ros1_bridge/share/ros1_bridge/hook/cmake_prefix_path.ps1'
[431.785s] INFO:colcon.colcon_core.shell:Creating environment descriptor '/home/n21/AIRAK/airak_mobility/ros2_ws/install/ros1_bridge/share/ros1_bridge/hook/cmake_prefix_path.dsv'
[431.786s] INFO:colcon.colcon_core.shell:Creating environment hook '/home/n21/AIRAK/airak_mobility/ros2_ws/install/ros1_bridge/share/ros1_bridge/hook/cmake_prefix_path.sh'
[431.786s] Level 1:colcon.colcon_core.environment:checking '/home/n21/AIRAK/airak_mobility/ros2_ws/install/ros1_bridge/lib'
[431.787s] Level 1:colcon.colcon_core.shell:create_environment_hook('ros1_bridge', 'ld_library_path_lib')
[431.787s] INFO:colcon.colcon_core.shell:Creating environment hook '/home/n21/AIRAK/airak_mobility/ros2_ws/install/ros1_bridge/share/ros1_bridge/hook/ld_library_path_lib.ps1'
[431.787s] INFO:colcon.colcon_core.shell:Creating environment descriptor '/home/n21/AIRAK/airak_mobility/ros2_ws/install/ros1_bridge/share/ros1_bridge/hook/ld_library_path_lib.dsv'
[431.788s] INFO:colcon.colcon_core.shell:Creating environment hook '/home/n21/AIRAK/airak_mobility/ros2_ws/install/ros1_bridge/share/ros1_bridge/hook/ld_library_path_lib.sh'
[431.788s] Level 1:colcon.colcon_core.environment:checking '/home/n21/AIRAK/airak_mobility/ros2_ws/install/ros1_bridge/bin'
[431.788s] Level 1:colcon.colcon_core.environment:checking '/home/n21/AIRAK/airak_mobility/ros2_ws/install/ros1_bridge/lib/pkgconfig/ros1_bridge.pc'
[431.788s] Level 1:colcon.colcon_core.environment:checking '/home/n21/AIRAK/airak_mobility/ros2_ws/install/ros1_bridge/lib/python3.8/site-packages'
[431.788s] INFO:colcon.colcon_core.shell:Creating package script '/home/n21/AIRAK/airak_mobility/ros2_ws/install/ros1_bridge/share/ros1_bridge/package.ps1'
[431.789s] INFO:colcon.colcon_core.shell:Creating package descriptor '/home/n21/AIRAK/airak_mobility/ros2_ws/install/ros1_bridge/share/ros1_bridge/package.dsv'
[431.790s] INFO:colcon.colcon_core.shell:Creating package script '/home/n21/AIRAK/airak_mobility/ros2_ws/install/ros1_bridge/share/ros1_bridge/package.sh'
[431.790s] INFO:colcon.colcon_core.shell:Creating package script '/home/n21/AIRAK/airak_mobility/ros2_ws/install/ros1_bridge/share/ros1_bridge/package.bash'
[431.791s] INFO:colcon.colcon_core.shell:Creating package script '/home/n21/AIRAK/airak_mobility/ros2_ws/install/ros1_bridge/share/ros1_bridge/package.zsh'
[431.791s] Level 1:colcon.colcon_core.environment:create_file_with_runtime_dependencies(/home/n21/AIRAK/airak_mobility/ros2_ws/install/ros1_bridge/share/colcon-core/packages/ros1_bridge)
[432.356s] Level 1:colcon.colcon_core.environment:create_environment_scripts_only(ros1_bridge)
[432.357s] Level 1:colcon.colcon_core.environment:checking '/home/n21/AIRAK/airak_mobility/ros2_ws/install/ros1_bridge' for CMake module files
[432.357s] Level 1:colcon.colcon_core.environment:checking '/home/n21/AIRAK/airak_mobility/ros2_ws/install/ros1_bridge' for CMake config files
[432.358s] Level 1:colcon.colcon_core.shell:create_environment_hook('ros1_bridge', 'cmake_prefix_path')
[432.358s] INFO:colcon.colcon_core.shell:Creating environment hook '/home/n21/AIRAK/airak_mobility/ros2_ws/install/ros1_bridge/share/ros1_bridge/hook/cmake_prefix_path.ps1'
[432.358s] INFO:colcon.colcon_core.shell:Creating environment descriptor '/home/n21/AIRAK/airak_mobility/ros2_ws/install/ros1_bridge/share/ros1_bridge/hook/cmake_prefix_path.dsv'
[432.359s] INFO:colcon.colcon_core.shell:Creating environment hook '/home/n21/AIRAK/airak_mobility/ros2_ws/install/ros1_bridge/share/ros1_bridge/hook/cmake_prefix_path.sh'
[432.359s] Level 1:colcon.colcon_core.environment:checking '/home/n21/AIRAK/airak_mobility/ros2_ws/install/ros1_bridge/lib'
[432.359s] Level 1:colcon.colcon_core.shell:create_environment_hook('ros1_bridge', 'ld_library_path_lib')
[432.360s] INFO:colcon.colcon_core.shell:Creating environment hook '/home/n21/AIRAK/airak_mobility/ros2_ws/install/ros1_bridge/share/ros1_bridge/hook/ld_library_path_lib.ps1'
[432.360s] INFO:colcon.colcon_core.shell:Creating environment descriptor '/home/n21/AIRAK/airak_mobility/ros2_ws/install/ros1_bridge/share/ros1_bridge/hook/ld_library_path_lib.dsv'
[432.360s] INFO:colcon.colcon_core.shell:Creating environment hook '/home/n21/AIRAK/airak_mobility/ros2_ws/install/ros1_bridge/share/ros1_bridge/hook/ld_library_path_lib.sh'
[432.360s] Level 1:colcon.colcon_core.environment:checking '/home/n21/AIRAK/airak_mobility/ros2_ws/install/ros1_bridge/bin'
[432.360s] Level 1:colcon.colcon_core.environment:checking '/home/n21/AIRAK/airak_mobility/ros2_ws/install/ros1_bridge/lib/pkgconfig/ros1_bridge.pc'
[432.360s] Level 1:colcon.colcon_core.environment:checking '/home/n21/AIRAK/airak_mobility/ros2_ws/install/ros1_bridge/lib/python3.8/site-packages'
[432.361s] INFO:colcon.colcon_core.shell:Creating package script '/home/n21/AIRAK/airak_mobility/ros2_ws/install/ros1_bridge/share/ros1_bridge/package.ps1'
[432.361s] INFO:colcon.colcon_core.shell:Creating package descriptor '/home/n21/AIRAK/airak_mobility/ros2_ws/install/ros1_bridge/share/ros1_bridge/package.dsv'
[432.362s] INFO:colcon.colcon_core.shell:Creating package script '/home/n21/AIRAK/airak_mobility/ros2_ws/install/ros1_bridge/share/ros1_bridge/package.sh'
[432.362s] INFO:colcon.colcon_core.shell:Creating package script '/home/n21/AIRAK/airak_mobility/ros2_ws/install/ros1_bridge/share/ros1_bridge/package.bash'
[432.362s] INFO:colcon.colcon_core.shell:Creating package script '/home/n21/AIRAK/airak_mobility/ros2_ws/install/ros1_bridge/share/ros1_bridge/package.zsh'
[432.363s] Level 1:colcon.colcon_core.environment:create_file_with_runtime_dependencies(/home/n21/AIRAK/airak_mobility/ros2_ws/install/ros1_bridge/share/colcon-core/packages/ros1_bridge)
[432.363s] DEBUG:colcon.colcon_parallel_executor.executor.parallel:closing loop
[432.363s] DEBUG:colcon.colcon_parallel_executor.executor.parallel:loop closed
[432.363s] DEBUG:colcon.colcon_parallel_executor.executor.parallel:run_until_complete finished with '0'
[432.363s] DEBUG:colcon.colcon_core.event_reactor:joining thread
[432.369s] INFO:colcon.colcon_core.plugin_system:Skipping extension 'colcon_notification.desktop_notification.terminal_notifier': Not used on non-Darwin systems
[432.369s] INFO:colcon.colcon_core.plugin_system:Skipping extension 'colcon_notification.desktop_notification.win32': Not used on non-Windows systems
[432.369s] INFO:colcon.colcon_notification.desktop_notification:Sending desktop notification using 'notify2'
[432.381s] DEBUG:colcon.colcon_core.event_reactor:joined thread
[432.382s] INFO:colcon.colcon_core.shell:Creating prefix script '/home/n21/AIRAK/airak_mobility/ros2_ws/install/local_setup.ps1'
[432.383s] INFO:colcon.colcon_core.shell:Creating prefix util module '/home/n21/AIRAK/airak_mobility/ros2_ws/install/_local_setup_util_ps1.py'
[432.384s] INFO:colcon.colcon_core.shell:Creating prefix chain script '/home/n21/AIRAK/airak_mobility/ros2_ws/install/setup.ps1'
[432.385s] INFO:colcon.colcon_core.shell:Creating prefix script '/home/n21/AIRAK/airak_mobility/ros2_ws/install/local_setup.sh'
[432.385s] INFO:colcon.colcon_core.shell:Creating prefix util module '/home/n21/AIRAK/airak_mobility/ros2_ws/install/_local_setup_util_sh.py'
[432.385s] INFO:colcon.colcon_core.shell:Creating prefix chain script '/home/n21/AIRAK/airak_mobility/ros2_ws/install/setup.sh'
[432.386s] INFO:colcon.colcon_core.shell:Creating prefix script '/home/n21/AIRAK/airak_mobility/ros2_ws/install/local_setup.bash'
[432.387s] INFO:colcon.colcon_core.shell:Creating prefix chain script '/home/n21/AIRAK/airak_mobility/ros2_ws/install/setup.bash'
[432.387s] INFO:colcon.colcon_core.shell:Creating prefix script '/home/n21/AIRAK/airak_mobility/ros2_ws/install/local_setup.zsh'
[432.388s] INFO:colcon.colcon_core.shell:Creating prefix chain script '/home/n21/AIRAK/airak_mobility/ros2_ws/install/setup.zsh'
