[  1%] Built target test_ros1_client
[  1%] Built target test_ros1_server
[  1%] Built target simple_bridge_1_to_2
[  3%] Built target simple_bridge
[  3%] Built target test_ros2_client_cpp
[  4%] Built target simple_bridge_2_to_1
[  5%] Built target test_ros2_server_cpp
[  5%] [32mBuilding CXX object CMakeFiles/ros1_bridge.dir/generated/geometry_msgs__msg__TwistStamped__factories.cpp.o[0m
[  5%] [32mBuilding CXX object CMakeFiles/ros1_bridge.dir/generated/geometry_msgs__msg__TwistWithCovariance__factories.cpp.o[0m
[  5%] [32mBuilding CXX object CMakeFiles/ros1_bridge.dir/generated/geometry_msgs__msg__TwistWithCovarianceStamped__factories.cpp.o[0m
[  6%] [32mBuilding CXX object CMakeFiles/ros1_bridge.dir/generated/geometry_msgs__msg__Vector3__factories.cpp.o[0m
[  6%] [32mBuilding CXX object CMakeFiles/ros1_bridge.dir/generated/geometry_msgs__msg__Vector3Stamped__factories.cpp.o[0m
[  6%] [32mBuilding CXX object CMakeFiles/ros1_bridge.dir/generated/geometry_msgs__msg__Wrench__factories.cpp.o[0m
[  7%] [32mBuilding CXX object CMakeFiles/ros1_bridge.dir/generated/libstatistics_collector_factories.cpp.o[0m
[  7%] [32mBuilding CXX object CMakeFiles/ros1_bridge.dir/generated/geometry_msgs__msg__WrenchStamped__factories.cpp.o[0m
[  7%] [32mBuilding CXX object CMakeFiles/ros1_bridge.dir/generated/libstatistics_collector__msg__DummyMessage__factories.cpp.o[0m
[  7%] [32mBuilding CXX object CMakeFiles/ros1_bridge.dir/generated/lifecycle_msgs_factories.cpp.o[0m
[  7%] [32mBuilding CXX object CMakeFiles/ros1_bridge.dir/generated/lifecycle_msgs__msg__State__factories.cpp.o[0m
[  8%] [32mBuilding CXX object CMakeFiles/ros1_bridge.dir/generated/lifecycle_msgs__msg__Transition__factories.cpp.o[0m
[  8%] [32mBuilding CXX object CMakeFiles/ros1_bridge.dir/generated/lifecycle_msgs__msg__TransitionDescription__factories.cpp.o[0m
[  8%] [32mBuilding CXX object CMakeFiles/ros1_bridge.dir/generated/lifecycle_msgs__msg__TransitionEvent__factories.cpp.o[0m
[  9%] [32mBuilding CXX object CMakeFiles/ros1_bridge.dir/generated/lifecycle_msgs__srv__ChangeState__factories.cpp.o[0m
[  9%] [32mBuilding CXX object CMakeFiles/ros1_bridge.dir/generated/lifecycle_msgs__srv__GetAvailableStates__factories.cpp.o[0m
[  9%] [32mBuilding CXX object CMakeFiles/ros1_bridge.dir/generated/lifecycle_msgs__srv__GetAvailableTransitions__factories.cpp.o[0m
[  9%] [32mBuilding CXX object CMakeFiles/ros1_bridge.dir/generated/lifecycle_msgs__srv__GetState__factories.cpp.o[0m
[ 10%] [32mBuilding CXX object CMakeFiles/ros1_bridge.dir/generated/logging_demo_factories.cpp.o[0m
[ 10%] [32mBuilding CXX object CMakeFiles/ros1_bridge.dir/generated/logging_demo__srv__ConfigLogger__factories.cpp.o[0m
[ 10%] [32mBuilding CXX object CMakeFiles/ros1_bridge.dir/generated/map_msgs_factories.cpp.o[0m
[ 10%] [32mBuilding CXX object CMakeFiles/ros1_bridge.dir/generated/map_msgs__msg__OccupancyGridUpdate__factories.cpp.o[0m
[ 11%] [32mBuilding CXX object CMakeFiles/ros1_bridge.dir/generated/map_msgs__msg__PointCloud2Update__factories.cpp.o[0m
[ 11%] [32mBuilding CXX object CMakeFiles/ros1_bridge.dir/generated/map_msgs__msg__ProjectedMapInfo__factories.cpp.o[0m
[ 11%] [32mBuilding CXX object CMakeFiles/ros1_bridge.dir/generated/map_msgs__msg__ProjectedMap__factories.cpp.o[0m
[ 11%] [32mBuilding CXX object CMakeFiles/ros1_bridge.dir/generated/map_msgs__srv__GetMapROI__factories.cpp.o[0m
[ 12%] [32mBuilding CXX object CMakeFiles/ros1_bridge.dir/generated/map_msgs__srv__GetPointMapROI__factories.cpp.o[0m
[ 12%] [32mBuilding CXX object CMakeFiles/ros1_bridge.dir/generated/map_msgs__srv__GetPointMap__factories.cpp.o[0m
[ 12%] [32mBuilding CXX object CMakeFiles/ros1_bridge.dir/generated/map_msgs__srv__ProjectedMapsInfo__factories.cpp.o[0m
[ 12%] [32mBuilding CXX object CMakeFiles/ros1_bridge.dir/generated/map_msgs__srv__SaveMap__factories.cpp.o[0m
[ 13%] [32mBuilding CXX object CMakeFiles/ros1_bridge.dir/generated/map_msgs__srv__SetMapProjections__factories.cpp.o[0m
[ 13%] [32mBuilding CXX object CMakeFiles/ros1_bridge.dir/generated/nav2_msgs_factories.cpp.o[0m
[ 13%] [32mBuilding CXX object CMakeFiles/ros1_bridge.dir/generated/nav2_msgs__msg__Costmap__factories.cpp.o[0m
[ 13%] [32mBuilding CXX object CMakeFiles/ros1_bridge.dir/generated/nav2_msgs__msg__CostmapMetaData__factories.cpp.o[0m
[ 14%] [32mBuilding CXX object CMakeFiles/ros1_bridge.dir/generated/nav2_msgs__msg__VoxelGrid__factories.cpp.o[0m
[ 14%] [32mBuilding CXX object CMakeFiles/ros1_bridge.dir/generated/nav2_msgs__msg__BehaviorTreeStatusChange__factories.cpp.o[0m
[ 14%] [32mBuilding CXX object CMakeFiles/ros1_bridge.dir/generated/nav2_msgs__msg__BehaviorTreeLog__factories.cpp.o[0m
[ 14%] [32mBuilding CXX object CMakeFiles/ros1_bridge.dir/generated/nav2_msgs__msg__Particle__factories.cpp.o[0m
[ 15%] [32mBuilding CXX object CMakeFiles/ros1_bridge.dir/generated/nav2_msgs__msg__ParticleCloud__factories.cpp.o[0m
[ 15%] [32mBuilding CXX object CMakeFiles/ros1_bridge.dir/generated/nav2_msgs__srv__GetCostmap__factories.cpp.o[0m
[ 15%] [32mBuilding CXX object CMakeFiles/ros1_bridge.dir/generated/nav2_msgs__srv__ClearCostmapExceptRegion__factories.cpp.o[0m
[ 16%] [32mBuilding CXX object CMakeFiles/ros1_bridge.dir/generated/nav2_msgs__srv__ClearCostmapAroundRobot__factories.cpp.o[0m
[ 16%] [32mBuilding CXX object CMakeFiles/ros1_bridge.dir/generated/nav2_msgs__srv__ClearEntireCostmap__factories.cpp.o[0m
[ 16%] [32mBuilding CXX object CMakeFiles/ros1_bridge.dir/generated/nav2_msgs__srv__ManageLifecycleNodes__factories.cpp.o[0m
[ 16%] [32mBuilding CXX object CMakeFiles/ros1_bridge.dir/generated/nav2_msgs__srv__LoadMap__factories.cpp.o[0m
[ 17%] [32mBuilding CXX object CMakeFiles/ros1_bridge.dir/generated/nav2_msgs__srv__SaveMap__factories.cpp.o[0m
[ 17%] [32mBuilding CXX object CMakeFiles/ros1_bridge.dir/generated/nav_2d_msgs_factories.cpp.o[0m
[ 17%] [32mBuilding CXX object CMakeFiles/ros1_bridge.dir/generated/nav_2d_msgs__msg__Path2D__factories.cpp.o[0m
[ 17%] [32mBuilding CXX object CMakeFiles/ros1_bridge.dir/generated/nav_2d_msgs__msg__Pose2D32__factories.cpp.o[0m
[ 18%] [32mBuilding CXX object CMakeFiles/ros1_bridge.dir/generated/nav_2d_msgs__msg__Pose2DStamped__factories.cpp.o[0m
[ 18%] [32mBuilding CXX object CMakeFiles/ros1_bridge.dir/generated/nav_2d_msgs__msg__Twist2D__factories.cpp.o[0m
[ 18%] [32mBuilding CXX object CMakeFiles/ros1_bridge.dir/generated/nav_2d_msgs__msg__Twist2D32__factories.cpp.o[0m
[ 18%] [32mBuilding CXX object CMakeFiles/ros1_bridge.dir/generated/nav_2d_msgs__msg__Twist2DStamped__factories.cpp.o[0m
[ 19%] [32mBuilding CXX object CMakeFiles/ros1_bridge.dir/generated/nav_msgs_factories.cpp.o[0m
[ 19%] [32mBuilding CXX object CMakeFiles/ros1_bridge.dir/generated/nav_msgs__msg__GridCells__factories.cpp.o[0m
[ 19%] [32mBuilding CXX object CMakeFiles/ros1_bridge.dir/generated/nav_msgs__msg__MapMetaData__factories.cpp.o[0m
[ 19%] [32mBuilding CXX object CMakeFiles/ros1_bridge.dir/generated/nav_msgs__msg__OccupancyGrid__factories.cpp.o[0m
[ 20%] [32mBuilding CXX object CMakeFiles/ros1_bridge.dir/generated/nav_msgs__msg__Odometry__factories.cpp.o[0m
[ 20%] [32mBuilding CXX object CMakeFiles/ros1_bridge.dir/generated/nav_msgs__msg__Path__factories.cpp.o[0m
[ 20%] [32mBuilding CXX object CMakeFiles/ros1_bridge.dir/generated/nav_msgs__srv__GetMap__factories.cpp.o[0m
[ 20%] [32mBuilding CXX object CMakeFiles/ros1_bridge.dir/generated/nav_msgs__srv__GetPlan__factories.cpp.o[0m
[ 21%] [32mBuilding CXX object CMakeFiles/ros1_bridge.dir/generated/nav_msgs__srv__SetMap__factories.cpp.o[0m
[ 21%] [32mBuilding CXX object CMakeFiles/ros1_bridge.dir/generated/pcl_msgs_factories.cpp.o[0m
[ 21%] [32mBuilding CXX object CMakeFiles/ros1_bridge.dir/generated/pcl_msgs__msg__ModelCoefficients__factories.cpp.o[0m
[ 21%] [32mBuilding CXX object CMakeFiles/ros1_bridge.dir/generated/pcl_msgs__msg__PointIndices__factories.cpp.o[0m
[ 22%] [32mBuilding CXX object CMakeFiles/ros1_bridge.dir/generated/pcl_msgs__msg__PolygonMesh__factories.cpp.o[0m
[ 22%] [32mBuilding CXX object CMakeFiles/ros1_bridge.dir/generated/pcl_msgs__msg__Vertices__factories.cpp.o[0m
[ 22%] [32mBuilding CXX object CMakeFiles/ros1_bridge.dir/generated/pcl_msgs__srv__UpdateFilename__factories.cpp.o[0m
[ 23%] [32mBuilding CXX object CMakeFiles/ros1_bridge.dir/generated/pendulum_msgs_factories.cpp.o[0m
[ 23%] [32mBuilding CXX object CMakeFiles/ros1_bridge.dir/generated/pendulum_msgs__msg__JointState__factories.cpp.o[0m
[ 23%] [32mBuilding CXX object CMakeFiles/ros1_bridge.dir/generated/pendulum_msgs__msg__JointCommand__factories.cpp.o[0m
[ 23%] [32mBuilding CXX object CMakeFiles/ros1_bridge.dir/generated/pendulum_msgs__msg__RttestResults__factories.cpp.o[0m
[ 24%] [32mBuilding CXX object CMakeFiles/ros1_bridge.dir/generated/rcl_interfaces_factories.cpp.o[0m
[ 24%] [32mBuilding CXX object CMakeFiles/ros1_bridge.dir/generated/rcl_interfaces__msg__FloatingPointRange__factories.cpp.o[0m
[ 24%] [32mBuilding CXX object CMakeFiles/ros1_bridge.dir/generated/rcl_interfaces__msg__IntegerRange__factories.cpp.o[0m
[ 24%] [32mBuilding CXX object CMakeFiles/ros1_bridge.dir/generated/rcl_interfaces__msg__ListParametersResult__factories.cpp.o[0m
[ 25%] [32mBuilding CXX object CMakeFiles/ros1_bridge.dir/generated/rcl_interfaces__msg__Log__factories.cpp.o[0m
[ 25%] [32mBuilding CXX object CMakeFiles/ros1_bridge.dir/generated/rcl_interfaces__msg__ParameterDescriptor__factories.cpp.o[0m
[ 25%] [32mBuilding CXX object CMakeFiles/ros1_bridge.dir/generated/rcl_interfaces__msg__ParameterEventDescriptors__factories.cpp.o[0m
[ 25%] [32mBuilding CXX object CMakeFiles/ros1_bridge.dir/generated/rcl_interfaces__msg__ParameterEvent__factories.cpp.o[0m
[ 26%] [32mBuilding CXX object CMakeFiles/ros1_bridge.dir/generated/rcl_interfaces__msg__Parameter__factories.cpp.o[0m
[ 26%] [32mBuilding CXX object CMakeFiles/ros1_bridge.dir/generated/rcl_interfaces__msg__ParameterType__factories.cpp.o[0m
[ 26%] [32mBuilding CXX object CMakeFiles/ros1_bridge.dir/generated/rcl_interfaces__msg__ParameterValue__factories.cpp.o[0m
[ 26%] [32mBuilding CXX object CMakeFiles/ros1_bridge.dir/generated/rcl_interfaces__msg__SetParametersResult__factories.cpp.o[0m
[ 27%] [32mBuilding CXX object CMakeFiles/ros1_bridge.dir/generated/rcl_interfaces__srv__DescribeParameters__factories.cpp.o[0m
[ 27%] [32mBuilding CXX object CMakeFiles/ros1_bridge.dir/generated/rcl_interfaces__srv__GetParameters__factories.cpp.o[0m
[ 27%] [32mBuilding CXX object CMakeFiles/ros1_bridge.dir/generated/rcl_interfaces__srv__GetParameterTypes__factories.cpp.o[0m
[ 27%] [32mBuilding CXX object CMakeFiles/ros1_bridge.dir/generated/rcl_interfaces__srv__ListParameters__factories.cpp.o[0m
[ 28%] [32mBuilding CXX object CMakeFiles/ros1_bridge.dir/generated/rcl_interfaces__srv__SetParametersAtomically__factories.cpp.o[0m
[ 28%] [32mBuilding CXX object CMakeFiles/ros1_bridge.dir/generated/rcl_interfaces__srv__SetParameters__factories.cpp.o[0m
[ 28%] [32mBuilding CXX object CMakeFiles/ros1_bridge.dir/generated/rmw_dds_common_factories.cpp.o[0m
[ 29%] [32mBuilding CXX object CMakeFiles/ros1_bridge.dir/generated/rmw_dds_common__msg__Gid__factories.cpp.o[0m
[ 29%] [32mBuilding CXX object CMakeFiles/ros1_bridge.dir/generated/rmw_dds_common__msg__NodeEntitiesInfo__factories.cpp.o[0m
[ 29%] [32mBuilding CXX object CMakeFiles/ros1_bridge.dir/generated/rmw_dds_common__msg__ParticipantEntitiesInfo__factories.cpp.o[0m
[ 29%] [32mBuilding CXX object CMakeFiles/ros1_bridge.dir/generated/rosgraph_msgs_factories.cpp.o[0m
[ 30%] [32mBuilding CXX object CMakeFiles/ros1_bridge.dir/generated/rosgraph_msgs__msg__Clock__factories.cpp.o[0m
[ 30%] [32mBuilding CXX object CMakeFiles/ros1_bridge.dir/generated/sensor_msgs_factories.cpp.o[0m
[ 30%] [32mBuilding CXX object CMakeFiles/ros1_bridge.dir/generated/sensor_msgs__msg__BatteryState__factories.cpp.o[0m
[ 30%] [32mBuilding CXX object CMakeFiles/ros1_bridge.dir/generated/sensor_msgs__msg__CameraInfo__factories.cpp.o[0m
[ 31%] [32mBuilding CXX object CMakeFiles/ros1_bridge.dir/generated/sensor_msgs__msg__ChannelFloat32__factories.cpp.o[0m
[ 31%] [32mBuilding CXX object CMakeFiles/ros1_bridge.dir/generated/sensor_msgs__msg__CompressedImage__factories.cpp.o[0m
[ 31%] [32mBuilding CXX object CMakeFiles/ros1_bridge.dir/generated/sensor_msgs__msg__FluidPressure__factories.cpp.o[0m
[ 31%] [32mBuilding CXX object CMakeFiles/ros1_bridge.dir/generated/sensor_msgs__msg__Illuminance__factories.cpp.o[0m
[ 32%] [32mBuilding CXX object CMakeFiles/ros1_bridge.dir/generated/sensor_msgs__msg__Image__factories.cpp.o[0m
[ 32%] [32mBuilding CXX object CMakeFiles/ros1_bridge.dir/generated/sensor_msgs__msg__Imu__factories.cpp.o[0m
[ 32%] [32mBuilding CXX object CMakeFiles/ros1_bridge.dir/generated/sensor_msgs__msg__JointState__factories.cpp.o[0m
[ 32%] [32mBuilding CXX object CMakeFiles/ros1_bridge.dir/generated/sensor_msgs__msg__Joy__factories.cpp.o[0m
[ 33%] [32mBuilding CXX object CMakeFiles/ros1_bridge.dir/generated/sensor_msgs__msg__JoyFeedback__factories.cpp.o[0m
[ 33%] [32mBuilding CXX object CMakeFiles/ros1_bridge.dir/generated/sensor_msgs__msg__JoyFeedbackArray__factories.cpp.o[0m
[ 33%] [32mBuilding CXX object CMakeFiles/ros1_bridge.dir/generated/sensor_msgs__msg__LaserEcho__factories.cpp.o[0m
[ 33%] [32mBuilding CXX object CMakeFiles/ros1_bridge.dir/generated/sensor_msgs__msg__LaserScan__factories.cpp.o[0m
[ 34%] [32mBuilding CXX object CMakeFiles/ros1_bridge.dir/generated/sensor_msgs__msg__MagneticField__factories.cpp.o[0m
[ 34%] [32mBuilding CXX object CMakeFiles/ros1_bridge.dir/generated/sensor_msgs__msg__MultiDOFJointState__factories.cpp.o[0m
[ 34%] [32mBuilding CXX object CMakeFiles/ros1_bridge.dir/generated/sensor_msgs__msg__MultiEchoLaserScan__factories.cpp.o[0m
[ 34%] [32mBuilding CXX object CMakeFiles/ros1_bridge.dir/generated/sensor_msgs__msg__NavSatFix__factories.cpp.o[0m
[ 35%] [32mBuilding CXX object CMakeFiles/ros1_bridge.dir/generated/sensor_msgs__msg__NavSatStatus__factories.cpp.o[0m
[ 35%] [32mBuilding CXX object CMakeFiles/ros1_bridge.dir/generated/sensor_msgs__msg__PointCloud__factories.cpp.o[0m
[ 35%] [32mBuilding CXX object CMakeFiles/ros1_bridge.dir/generated/sensor_msgs__msg__PointCloud2__factories.cpp.o[0m
[ 36%] [32mBuilding CXX object CMakeFiles/ros1_bridge.dir/generated/sensor_msgs__msg__PointField__factories.cpp.o[0m
[ 36%] [32mBuilding CXX object CMakeFiles/ros1_bridge.dir/generated/sensor_msgs__msg__Range__factories.cpp.o[0m
[ 36%] [32mBuilding CXX object CMakeFiles/ros1_bridge.dir/generated/sensor_msgs__msg__RegionOfInterest__factories.cpp.o[0m
[ 36%] [32mBuilding CXX object CMakeFiles/ros1_bridge.dir/generated/sensor_msgs__msg__RelativeHumidity__factories.cpp.o[0m
[ 37%] [32mBuilding CXX object CMakeFiles/ros1_bridge.dir/generated/sensor_msgs__msg__Temperature__factories.cpp.o[0m
[ 37%] [32mBuilding CXX object CMakeFiles/ros1_bridge.dir/generated/sensor_msgs__msg__TimeReference__factories.cpp.o[0m
[ 37%] [32mBuilding CXX object CMakeFiles/ros1_bridge.dir/generated/sensor_msgs__srv__SetCameraInfo__factories.cpp.o[0m
[ 37%] [32mBuilding CXX object CMakeFiles/ros1_bridge.dir/generated/shape_msgs_factories.cpp.o[0m
[ 38%] [32mBuilding CXX object CMakeFiles/ros1_bridge.dir/generated/shape_msgs__msg__Mesh__factories.cpp.o[0m
[ 38%] [32mBuilding CXX object CMakeFiles/ros1_bridge.dir/generated/shape_msgs__msg__MeshTriangle__factories.cpp.o[0m
[ 38%] [32mBuilding CXX object CMakeFiles/ros1_bridge.dir/generated/shape_msgs__msg__Plane__factories.cpp.o[0m
[ 38%] [32mBuilding CXX object CMakeFiles/ros1_bridge.dir/generated/shape_msgs__msg__SolidPrimitive__factories.cpp.o[0m
[ 38%] [32mBuilding CXX object CMakeFiles/ros1_bridge.dir/generated/slam_toolbox__srv__ToggleInteractive__factories.cpp.o[0m
[ 39%] [32mBuilding CXX object CMakeFiles/ros1_bridge.dir/generated/slam_toolbox__srv__Clear__factories.cpp.o[0m
[ 39%] [32mBuilding CXX object CMakeFiles/ros1_bridge.dir/generated/slam_toolbox__srv__ClearQueue__factories.cpp.o[0m
[ 39%] [32mBuilding CXX object CMakeFiles/ros1_bridge.dir/generated/slam_toolbox__srv__Pause__factories.cpp.o[0m
[ 40%] [32mBuilding CXX object CMakeFiles/ros1_bridge.dir/generated/slam_toolbox_factories.cpp.o[0m
[ 40%] [32mBuilding CXX object CMakeFiles/ros1_bridge.dir/generated/slam_toolbox__srv__SaveMap__factories.cpp.o[0m
[ 40%] [32mBuilding CXX object CMakeFiles/ros1_bridge.dir/generated/slam_toolbox__srv__LoopClosure__factories.cpp.o[0m
[ 40%] [32mBuilding CXX object CMakeFiles/ros1_bridge.dir/generated/slam_toolbox__srv__MergeMaps__factories.cpp.o[0m
[ 41%] [32mBuilding CXX object CMakeFiles/ros1_bridge.dir/generated/slam_toolbox__srv__AddSubmap__factories.cpp.o[0m
[ 41%] [32mBuilding CXX object CMakeFiles/ros1_bridge.dir/generated/slam_toolbox__srv__DeserializePoseGraph__factories.cpp.o[0m
[ 41%] [32mBuilding CXX object CMakeFiles/ros1_bridge.dir/generated/slam_toolbox__srv__SerializePoseGraph__factories.cpp.o[0m
[ 41%] [32mBuilding CXX object CMakeFiles/ros1_bridge.dir/generated/statistics_msgs_factories.cpp.o[0m
[ 42%] [32mBuilding CXX object CMakeFiles/ros1_bridge.dir/generated/statistics_msgs__msg__MetricsMessage__factories.cpp.o[0m
[ 42%] [32mBuilding CXX object CMakeFiles/ros1_bridge.dir/generated/statistics_msgs__msg__StatisticDataPoint__factories.cpp.o[0m
[ 42%] [32mBuilding CXX object CMakeFiles/ros1_bridge.dir/generated/statistics_msgs__msg__StatisticDataType__factories.cpp.o[0m
[ 43%] [32mBuilding CXX object CMakeFiles/ros1_bridge.dir/generated/std_msgs_factories.cpp.o[0m
[ 43%] [32mBuilding CXX object CMakeFiles/ros1_bridge.dir/generated/std_msgs__msg__Bool__factories.cpp.o[0m
[ 43%] [32mBuilding CXX object CMakeFiles/ros1_bridge.dir/generated/std_msgs__msg__Byte__factories.cpp.o[0m
[ 43%] [32mBuilding CXX object CMakeFiles/ros1_bridge.dir/generated/std_msgs__msg__ByteMultiArray__factories.cpp.o[0m
[ 44%] [32mBuilding CXX object CMakeFiles/ros1_bridge.dir/generated/std_msgs__msg__Char__factories.cpp.o[0m
[ 44%] [32mBuilding CXX object CMakeFiles/ros1_bridge.dir/generated/std_msgs__msg__ColorRGBA__factories.cpp.o[0m
[ 44%] [32mBuilding CXX object CMakeFiles/ros1_bridge.dir/generated/std_msgs__msg__Empty__factories.cpp.o[0m
[ 44%] [32mBuilding CXX object CMakeFiles/ros1_bridge.dir/generated/std_msgs__msg__Float32__factories.cpp.o[0m
[ 45%] [32mBuilding CXX object CMakeFiles/ros1_bridge.dir/generated/std_msgs__msg__Float32MultiArray__factories.cpp.o[0m
[ 45%] [32mBuilding CXX object CMakeFiles/ros1_bridge.dir/generated/std_msgs__msg__Float64__factories.cpp.o[0m
[ 45%] [32mBuilding CXX object CMakeFiles/ros1_bridge.dir/generated/std_msgs__msg__Float64MultiArray__factories.cpp.o[0m
[ 45%] [32mBuilding CXX object CMakeFiles/ros1_bridge.dir/generated/std_msgs__msg__Header__factories.cpp.o[0m
[ 46%] [32mBuilding CXX object CMakeFiles/ros1_bridge.dir/generated/std_msgs__msg__Int16__factories.cpp.o[0m
[ 46%] [32mBuilding CXX object CMakeFiles/ros1_bridge.dir/generated/std_msgs__msg__Int16MultiArray__factories.cpp.o[0m
[ 46%] [32mBuilding CXX object CMakeFiles/ros1_bridge.dir/generated/std_msgs__msg__Int32__factories.cpp.o[0m
[ 46%] [32mBuilding CXX object CMakeFiles/ros1_bridge.dir/generated/std_msgs__msg__Int32MultiArray__factories.cpp.o[0m
[ 47%] [32mBuilding CXX object CMakeFiles/ros1_bridge.dir/generated/std_msgs__msg__Int64__factories.cpp.o[0m
[ 47%] [32mBuilding CXX object CMakeFiles/ros1_bridge.dir/generated/std_msgs__msg__Int64MultiArray__factories.cpp.o[0m
[ 47%] [32mBuilding CXX object CMakeFiles/ros1_bridge.dir/generated/std_msgs__msg__Int8__factories.cpp.o[0m
[ 47%] [32mBuilding CXX object CMakeFiles/ros1_bridge.dir/generated/std_msgs__msg__Int8MultiArray__factories.cpp.o[0m
[ 48%] [32mBuilding CXX object CMakeFiles/ros1_bridge.dir/generated/std_msgs__msg__MultiArrayDimension__factories.cpp.o[0m
[ 48%] [32mBuilding CXX object CMakeFiles/ros1_bridge.dir/generated/std_msgs__msg__MultiArrayLayout__factories.cpp.o[0m
[ 48%] [32mBuilding CXX object CMakeFiles/ros1_bridge.dir/generated/std_msgs__msg__String__factories.cpp.o[0m
[ 49%] [32mBuilding CXX object CMakeFiles/ros1_bridge.dir/generated/std_msgs__msg__UInt16__factories.cpp.o[0m
[ 49%] [32mBuilding CXX object CMakeFiles/ros1_bridge.dir/generated/std_msgs__msg__UInt16MultiArray__factories.cpp.o[0m
[ 49%] [32mBuilding CXX object CMakeFiles/ros1_bridge.dir/generated/std_msgs__msg__UInt32__factories.cpp.o[0m
[ 49%] [32mBuilding CXX object CMakeFiles/ros1_bridge.dir/generated/std_msgs__msg__UInt32MultiArray__factories.cpp.o[0m
[ 50%] [32mBuilding CXX object CMakeFiles/ros1_bridge.dir/generated/std_msgs__msg__UInt64__factories.cpp.o[0m
[ 50%] [32mBuilding CXX object CMakeFiles/ros1_bridge.dir/generated/std_msgs__msg__UInt64MultiArray__factories.cpp.o[0m
[ 50%] [32mBuilding CXX object CMakeFiles/ros1_bridge.dir/generated/std_msgs__msg__UInt8__factories.cpp.o[0m
[ 50%] [32mBuilding CXX object CMakeFiles/ros1_bridge.dir/generated/std_msgs__msg__UInt8MultiArray__factories.cpp.o[0m
[ 51%] [32mBuilding CXX object CMakeFiles/ros1_bridge.dir/generated/std_srvs_factories.cpp.o[0m
[ 51%] [32mBuilding CXX object CMakeFiles/ros1_bridge.dir/generated/std_srvs__srv__Empty__factories.cpp.o[0m
[ 51%] [32mBuilding CXX object CMakeFiles/ros1_bridge.dir/generated/std_srvs__srv__SetBool__factories.cpp.o[0m
[ 51%] [32mBuilding CXX object CMakeFiles/ros1_bridge.dir/generated/std_srvs__srv__Trigger__factories.cpp.o[0m
[ 52%] [32mBuilding CXX object CMakeFiles/ros1_bridge.dir/generated/stereo_msgs_factories.cpp.o[0m
[ 52%] [32mBuilding CXX object CMakeFiles/ros1_bridge.dir/generated/test_msgs__msg__Defaults__factories.cpp.o[0m
[ 52%] [32mBuilding CXX object CMakeFiles/ros1_bridge.dir/generated/test_msgs__msg__Constants__factories.cpp.o[0m
[ 52%] [32mBuilding CXX object CMakeFiles/ros1_bridge.dir/generated/test_msgs__msg__BoundedSequences__factories.cpp.o[0m
[ 53%] [32mBuilding CXX object CMakeFiles/ros1_bridge.dir/generated/test_msgs__msg__Empty__factories.cpp.o[0m
[ 54%] [32mBuilding CXX object CMakeFiles/ros1_bridge.dir/generated/test_msgs__msg__BasicTypes__factories.cpp.o[0m
[ 54%] [32mBuilding CXX object CMakeFiles/ros1_bridge.dir/generated/test_msgs__msg__Arrays__factories.cpp.o[0m
[ 54%] [32mBuilding CXX object CMakeFiles/ros1_bridge.dir/generated/test_msgs_factories.cpp.o[0m
[ 54%] [32mBuilding CXX object CMakeFiles/ros1_bridge.dir/generated/test_msgs__msg__MultiNested__factories.cpp.o[0m
[ 54%] [32mBuilding CXX object CMakeFiles/ros1_bridge.dir/generated/stereo_msgs__msg__DisparityImage__factories.cpp.o[0m
[ 54%] [32mBuilding CXX object CMakeFiles/ros1_bridge.dir/generated/test_msgs__msg__Nested__factories.cpp.o[0m
[ 54%] [32mBuilding CXX object CMakeFiles/ros1_bridge.dir/generated/test_msgs__msg__Strings__factories.cpp.o[0m
[ 55%] [32mBuilding CXX object CMakeFiles/ros1_bridge.dir/generated/test_msgs__msg__UnboundedSequences__factories.cpp.o[0m
[ 55%] [32mBuilding CXX object CMakeFiles/ros1_bridge.dir/generated/test_msgs__msg__WStrings__factories.cpp.o[0m
[ 55%] [32mBuilding CXX object CMakeFiles/ros1_bridge.dir/generated/test_msgs__srv__Arrays__factories.cpp.o[0m
[ 56%] [32mBuilding CXX object CMakeFiles/ros1_bridge.dir/generated/test_msgs__srv__BasicTypes__factories.cpp.o[0m
[ 56%] [32mBuilding CXX object CMakeFiles/ros1_bridge.dir/generated/test_msgs__srv__Empty__factories.cpp.o[0m
[ 56%] [32mBuilding CXX object CMakeFiles/ros1_bridge.dir/generated/test_msgs__msg__Builtins__factories.cpp.o[0m
[ 56%] [32mBuilding CXX object CMakeFiles/ros1_bridge.dir/generated/tf2_msgs_factories.cpp.o[0m
[ 57%] [32mBuilding CXX object CMakeFiles/ros1_bridge.dir/generated/tf2_msgs__msg__TF2Error__factories.cpp.o[0m
[ 57%] [32mBuilding CXX object CMakeFiles/ros1_bridge.dir/generated/tf2_msgs__msg__TFMessage__factories.cpp.o[0m
[ 57%] [32mBuilding CXX object CMakeFiles/ros1_bridge.dir/generated/tf2_msgs__srv__FrameGraph__factories.cpp.o[0m
[ 57%] [32mBuilding CXX object CMakeFiles/ros1_bridge.dir/generated/trajectory_msgs_factories.cpp.o[0m
[ 58%] [32mBuilding CXX object CMakeFiles/ros1_bridge.dir/generated/trajectory_msgs__msg__JointTrajectory__factories.cpp.o[0m
[ 58%] [32mBuilding CXX object CMakeFiles/ros1_bridge.dir/generated/trajectory_msgs__msg__JointTrajectoryPoint__factories.cpp.o[0m
[ 58%] [32mBuilding CXX object CMakeFiles/ros1_bridge.dir/generated/trajectory_msgs__msg__MultiDOFJointTrajectory__factories.cpp.o[0m
[ 58%] [32mBuilding CXX object CMakeFiles/ros1_bridge.dir/generated/trajectory_msgs__msg__MultiDOFJointTrajectoryPoint__factories.cpp.o[0m
[ 59%] [32mBuilding CXX object CMakeFiles/ros1_bridge.dir/generated/turtlesim_factories.cpp.o[0m
[ 59%] [32mBuilding CXX object CMakeFiles/ros1_bridge.dir/generated/turtlesim__msg__Pose__factories.cpp.o[0m
[ 59%] [32mBuilding CXX object CMakeFiles/ros1_bridge.dir/generated/turtlesim__srv__Kill__factories.cpp.o[0m
[ 60%] [32mBuilding CXX object CMakeFiles/ros1_bridge.dir/generated/turtlesim__srv__SetPen__factories.cpp.o[0m
[ 60%] [32mBuilding CXX object CMakeFiles/ros1_bridge.dir/generated/turtlesim__srv__Spawn__factories.cpp.o[0m
[ 60%] [32mBuilding CXX object CMakeFiles/ros1_bridge.dir/generated/turtlesim__msg__Color__factories.cpp.o[0m
[ 60%] [32mBuilding CXX object CMakeFiles/ros1_bridge.dir/generated/turtlesim__srv__TeleportAbsolute__factories.cpp.o[0m
[ 60%] [32mBuilding CXX object CMakeFiles/ros1_bridge.dir/generated/turtlesim__srv__TeleportRelative__factories.cpp.o[0m
[ 61%] [32mBuilding CXX object CMakeFiles/ros1_bridge.dir/generated/unique_identifier_msgs_factories.cpp.o[0m
[ 61%] [32mBuilding CXX object CMakeFiles/ros1_bridge.dir/generated/unique_identifier_msgs__msg__UUID__factories.cpp.o[0m
[ 61%] [32mBuilding CXX object CMakeFiles/ros1_bridge.dir/generated/visualization_msgs_factories.cpp.o[0m
[ 61%] [32mBuilding CXX object CMakeFiles/ros1_bridge.dir/generated/visualization_msgs__msg__ImageMarker__factories.cpp.o[0m
[ 62%] [32mBuilding CXX object CMakeFiles/ros1_bridge.dir/generated/visualization_msgs__msg__InteractiveMarker__factories.cpp.o[0m
[ 62%] [32mBuilding CXX object CMakeFiles/ros1_bridge.dir/generated/visualization_msgs__msg__InteractiveMarkerControl__factories.cpp.o[0m
[ 62%] [32mBuilding CXX object CMakeFiles/ros1_bridge.dir/generated/visualization_msgs__msg__InteractiveMarkerFeedback__factories.cpp.o[0m
[ 63%] [32mBuilding CXX object CMakeFiles/ros1_bridge.dir/generated/visualization_msgs__msg__InteractiveMarkerInit__factories.cpp.o[0m
[ 63%] [32mBuilding CXX object CMakeFiles/ros1_bridge.dir/generated/visualization_msgs__msg__InteractiveMarkerPose__factories.cpp.o[0m
[ 63%] [32mBuilding CXX object CMakeFiles/ros1_bridge.dir/generated/visualization_msgs__msg__InteractiveMarkerUpdate__factories.cpp.o[0m
[ 64%] [32mBuilding CXX object CMakeFiles/ros1_bridge.dir/generated/visualization_msgs__msg__MarkerArray__factories.cpp.o[0m
[ 64%] [32mBuilding CXX object CMakeFiles/ros1_bridge.dir/generated/visualization_msgs__srv__GetInteractiveMarkers__factories.cpp.o[0m
[ 64%] [32mBuilding CXX object CMakeFiles/ros1_bridge.dir/generated/visualization_msgs__msg__MenuEntry__factories.cpp.o[0m
[ 64%] [32mBuilding CXX object CMakeFiles/ros1_bridge.dir/generated/visualization_msgs__msg__Marker__factories.cpp.o[0m
[ 64%] [32m[1mLinking CXX shared library libros1_bridge.so[0m
[ 99%] Built target ros1_bridge
[35m[1mScanning dependencies of target dynamic_bridge[0m
[35m[1mScanning dependencies of target static_bridge[0m
[35m[1mScanning dependencies of target parameter_bridge[0m
[ 99%] [32mBuilding CXX object CMakeFiles/parameter_bridge.dir/src/parameter_bridge.cpp.o[0m
[ 99%] [32mBuilding CXX object CMakeFiles/static_bridge.dir/src/static_bridge.cpp.o[0m
[ 99%] [32mBuilding CXX object CMakeFiles/dynamic_bridge.dir/src/dynamic_bridge.cpp.o[0m
[ 99%] [32m[1mLinking CXX executable static_bridge[0m
[100%] [32m[1mLinking CXX executable parameter_bridge[0m
[100%] [32m[1mLinking CXX executable dynamic_bridge[0m
[100%] Built target static_bridge
[100%] Built target parameter_bridge
[100%] Built target dynamic_bridge
-- Install configuration: ""
-- Execute custom install script
-- Symlinking: /home/n21/AIRAK/airak_mobility/ros2_ws/install/ros1_bridge/share/ros1_bridge/environment/library_path.sh
-- Symlinking: /home/n21/AIRAK/airak_mobility/ros2_ws/install/ros1_bridge/share/ros1_bridge/environment/library_path.dsv
-- Symlinking: /home/n21/AIRAK/airak_mobility/ros2_ws/install/ros1_bridge/share/ros1_bridge/environment/pythonpath.sh
-- Symlinking: /home/n21/AIRAK/airak_mobility/ros2_ws/install/ros1_bridge/share/ros1_bridge/environment/pythonpath.dsv
-- Symlinking: /home/n21/AIRAK/airak_mobility/ros2_ws/install/ros1_bridge/lib/python3.9/site-packages/ros1_bridge/__init__.py
-- Symlinking: /home/n21/AIRAK/airak_mobility/ros2_ws/install/ros1_bridge/share/ament_index/resource_index/package_run_dependencies/ros1_bridge
-- Symlinking: /home/n21/AIRAK/airak_mobility/ros2_ws/install/ros1_bridge/share/ament_index/resource_index/parent_prefix_path/ros1_bridge
-- Symlinking: /home/n21/AIRAK/airak_mobility/ros2_ws/install/ros1_bridge/share/ros1_bridge/environment/ament_prefix_path.sh
-- Symlinking: /home/n21/AIRAK/airak_mobility/ros2_ws/install/ros1_bridge/share/ros1_bridge/environment/ament_prefix_path.dsv
-- Symlinking: /home/n21/AIRAK/airak_mobility/ros2_ws/install/ros1_bridge/share/ros1_bridge/environment/path.sh
-- Symlinking: /home/n21/AIRAK/airak_mobility/ros2_ws/install/ros1_bridge/share/ros1_bridge/environment/path.dsv
-- Symlinking: /home/n21/AIRAK/airak_mobility/ros2_ws/install/ros1_bridge/share/ros1_bridge/local_setup.bash
-- Symlinking: /home/n21/AIRAK/airak_mobility/ros2_ws/install/ros1_bridge/share/ros1_bridge/local_setup.sh
-- Symlinking: /home/n21/AIRAK/airak_mobility/ros2_ws/install/ros1_bridge/share/ros1_bridge/local_setup.zsh
-- Symlinking: /home/n21/AIRAK/airak_mobility/ros2_ws/install/ros1_bridge/share/ros1_bridge/local_setup.dsv
-- Symlinking: /home/n21/AIRAK/airak_mobility/ros2_ws/install/ros1_bridge/share/ros1_bridge/package.dsv
-- Symlinking: /home/n21/AIRAK/airak_mobility/ros2_ws/install/ros1_bridge/share/ament_index/resource_index/packages/ros1_bridge
-- Symlinking: /home/n21/AIRAK/airak_mobility/ros2_ws/install/ros1_bridge/share/ros1_bridge/cmake/find_ros1_package.cmake
-- Symlinking: /home/n21/AIRAK/airak_mobility/ros2_ws/install/ros1_bridge/share/ros1_bridge/cmake/find_ros1_interface_packages.cmake
-- Symlinking: /home/n21/AIRAK/airak_mobility/ros2_ws/install/ros1_bridge/share/ros1_bridge/cmake/ament_cmake_export_include_directories-extras.cmake
-- Symlinking: /home/n21/AIRAK/airak_mobility/ros2_ws/install/ros1_bridge/share/ros1_bridge/cmake/ament_cmake_export_libraries-extras.cmake
-- Symlinking: /home/n21/AIRAK/airak_mobility/ros2_ws/install/ros1_bridge/share/ros1_bridge/cmake/ros1_bridgeConfig.cmake
-- Symlinking: /home/n21/AIRAK/airak_mobility/ros2_ws/install/ros1_bridge/share/ros1_bridge/cmake/ros1_bridgeConfig-version.cmake
-- Symlinking: /home/n21/AIRAK/airak_mobility/ros2_ws/install/ros1_bridge/share/ros1_bridge/package.xml
-- Symlinking: /home/n21/AIRAK/airak_mobility/ros2_ws/install/ros1_bridge/lib/ros1_bridge/simple_bridge_1_to_2
-- Symlinking: /home/n21/AIRAK/airak_mobility/ros2_ws/install/ros1_bridge/lib/ros1_bridge/simple_bridge_2_to_1
-- Symlinking: /home/n21/AIRAK/airak_mobility/ros2_ws/install/ros1_bridge/lib/ros1_bridge/simple_bridge
-- Symlinking: /home/n21/AIRAK/airak_mobility/ros2_ws/install/ros1_bridge/lib/libros1_bridge.so
-- Symlinking: /home/n21/AIRAK/airak_mobility/ros2_ws/install/ros1_bridge/lib/ros1_bridge/static_bridge
-- Symlinking: /home/n21/AIRAK/airak_mobility/ros2_ws/install/ros1_bridge/lib/ros1_bridge/parameter_bridge
-- Symlinking: /home/n21/AIRAK/airak_mobility/ros2_ws/install/ros1_bridge/lib/ros1_bridge/dynamic_bridge
-- Symlinking: /home/n21/AIRAK/airak_mobility/ros2_ws/install/ros1_bridge/lib/ros1_bridge/test_ros2_client_cpp
-- Symlinking: /home/n21/AIRAK/airak_mobility/ros2_ws/install/ros1_bridge/lib/ros1_bridge/test_ros2_server_cpp
-- Symlinking: /home/n21/AIRAK/airak_mobility/ros2_ws/install/ros1_bridge/lib/ros1_bridge/generate_factories/ros1_bridge_generate_factories
-- Up-to-date symlink: /home/n21/AIRAK/airak_mobility/ros2_ws/install/ros1_bridge/share/ros1_bridge/cmake/find_ros1_interface_packages.cmake
-- Up-to-date symlink: /home/n21/AIRAK/airak_mobility/ros2_ws/install/ros1_bridge/share/ros1_bridge/cmake/find_ros1_package.cmake
-- Symlinking: /home/n21/AIRAK/airak_mobility/ros2_ws/install/ros1_bridge/include/ros1_bridge/bridge.hpp
-- Symlinking: /home/n21/AIRAK/airak_mobility/ros2_ws/install/ros1_bridge/include/ros1_bridge/builtin_interfaces_factories.hpp
-- Symlinking: /home/n21/AIRAK/airak_mobility/ros2_ws/install/ros1_bridge/include/ros1_bridge/convert_builtin_interfaces.hpp
-- Symlinking: /home/n21/AIRAK/airak_mobility/ros2_ws/install/ros1_bridge/include/ros1_bridge/convert_decl.hpp
-- Symlinking: /home/n21/AIRAK/airak_mobility/ros2_ws/install/ros1_bridge/include/ros1_bridge/factory.hpp
-- Symlinking: /home/n21/AIRAK/airak_mobility/ros2_ws/install/ros1_bridge/include/ros1_bridge/factory_interface.hpp
-- Symlinking: /home/n21/AIRAK/airak_mobility/ros2_ws/install/ros1_bridge/share/ros1_bridge/resource/get_factory.cpp.em
-- Symlinking: /home/n21/AIRAK/airak_mobility/ros2_ws/install/ros1_bridge/share/ros1_bridge/resource/get_mappings.cpp.em
-- Symlinking: /home/n21/AIRAK/airak_mobility/ros2_ws/install/ros1_bridge/share/ros1_bridge/resource/interface_factories.cpp.em
-- Symlinking: /home/n21/AIRAK/airak_mobility/ros2_ws/install/ros1_bridge/share/ros1_bridge/resource/pkg_factories.cpp.em
-- Symlinking: /home/n21/AIRAK/airak_mobility/ros2_ws/install/ros1_bridge/share/ros1_bridge/resource/pkg_factories.hpp.em
Listing '/home/n21/AIRAK/airak_mobility/ros2_ws/install/ros1_bridge/lib/python3.9/site-packages/ros1_bridge'...
Compiling '/home/n21/AIRAK/airak_mobility/ros2_ws/install/ros1_bridge/lib/python3.9/site-packages/ros1_bridge/__init__.py'...
